-------------------------------------------------------------------------------
Test set: com.farmer.farmermanagement.controller.FarmerControllerTest
-------------------------------------------------------------------------------
Tests run: 4, Failures: 0, Errors: 4, Skipped: 0, Time elapsed: 1.620 s <<< FAILURE! -- in com.farmer.farmermanagement.controller.FarmerControllerTest
com.farmer.farmermanagement.controller.FarmerControllerTest.testCreateFarmer -- Time elapsed: 1.493 s <<< ERROR!
java.lang.UnsupportedOperationException: Unimplemented method 'setareaInAcres'
	at com.farmer.farmermanagement.dto.LandDetailsDto.setareaInAcres(LandDetailsDto.java:31)
	at com.farmer.farmermanagement.controller.FarmerControllerTest.createSampleFarmer(FarmerControllerTest.java:74)
	at com.farmer.farmermanagement.controller.FarmerControllerTest.setUp(FarmerControllerTest.java:37)
	at java.base/java.lang.reflect.Method.invoke(Method.java:568)
	at java.base/java.util.ArrayList.forEach(ArrayList.java:1511)
	at java.base/java.util.ArrayList.forEach(ArrayList.java:1511)

com.farmer.farmermanagement.controller.FarmerControllerTest.testUpdateFarmer -- Time elapsed: 0.012 s <<< ERROR!
java.lang.UnsupportedOperationException: Unimplemented method 'setareaInAcres'
	at com.farmer.farmermanagement.dto.LandDetailsDto.setareaInAcres(LandDetailsDto.java:31)
	at com.farmer.farmermanagement.controller.FarmerControllerTest.createSampleFarmer(FarmerControllerTest.java:74)
	at com.farmer.farmermanagement.controller.FarmerControllerTest.setUp(FarmerControllerTest.java:37)
	at java.base/java.lang.reflect.Method.invoke(Method.java:568)
	at java.base/java.util.ArrayList.forEach(ArrayList.java:1511)
	at java.base/java.util.ArrayList.forEach(ArrayList.java:1511)

com.farmer.farmermanagement.controller.FarmerControllerTest.testGetFarmerById -- Time elapsed: 0.011 s <<< ERROR!
java.lang.UnsupportedOperationException: Unimplemented method 'setareaInAcres'
	at com.farmer.farmermanagement.dto.LandDetailsDto.setareaInAcres(LandDetailsDto.java:31)
	at com.farmer.farmermanagement.controller.FarmerControllerTest.createSampleFarmer(FarmerControllerTest.java:74)
	at com.farmer.farmermanagement.controller.FarmerControllerTest.setUp(FarmerControllerTest.java:37)
	at java.base/java.lang.reflect.Method.invoke(Method.java:568)
	at java.base/java.util.ArrayList.forEach(ArrayList.java:1511)
	at java.base/java.util.ArrayList.forEach(ArrayList.java:1511)

com.farmer.farmermanagement.controller.FarmerControllerTest.testGetAllFarmers -- Time elapsed: 0.012 s <<< ERROR!
java.lang.UnsupportedOperationException: Unimplemented method 'setareaInAcres'
	at com.farmer.farmermanagement.dto.LandDetailsDto.setareaInAcres(LandDetailsDto.java:31)
	at com.farmer.farmermanagement.controller.FarmerControllerTest.createSampleFarmer(FarmerControllerTest.java:74)
	at com.farmer.farmermanagement.controller.FarmerControllerTest.setUp(FarmerControllerTest.java:37)
	at java.base/java.lang.reflect.Method.invoke(Method.java:568)
	at java.base/java.util.ArrayList.forEach(ArrayList.java:1511)
	at java.base/java.util.ArrayList.forEach(ArrayList.java:1511)

