<?xml version="1.0" encoding="UTF-8"?>
<testsuite xmlns:xsi="http://www.w3.org/2001/XMLSchema-instance" xsi:noNamespaceSchemaLocation="https://maven.apache.org/surefire/maven-surefire-plugin/xsd/surefire-test-report.xsd" version="3.0.2" name="com.farmer.farmermanagement.FarmermanagementApplicationTests" time="7.818" tests="1" errors="0" skipped="0" failures="0">
  <properties>
[...]
</properties>
  <testcase name="contextLoads" classname="com.farmer.farmermanagement.FarmermanagementApplicationTests" time="0.028">
    <system-out><![CDATA[20:07:25.029 [main] INFO org.springframework.test.context.support.AnnotationConfigContextLoaderUtils -- Could not detect default configuration classes for test class [com.farmer.farmermanagement.FarmermanagementApplicationTests]: FarmermanagementApplicationTests does not declare any static, non-private, non-final, nested classes annotated with @Configuration.
20:07:25.143 [main] INFO org.springframework.boot.test.context.SpringBootTestContextBootstrapper -- Found @SpringBootConfiguration com.farmer.farmermanagement.FarmermanagementApplication for test class com.farmer.farmermanagement.FarmermanagementApplicationTests
20:07:25.252 [main] INFO org.springframework.boot.devtools.restart.RestartApplicationListener -- Restart disabled due to context in which it is running

  .   ____          _            __ _ _
 /\\ / ___'_ __ _ _(_)_ __  __ _ \ \ \ \
( ( )\___ | '_ | '_| | '_ \/ _` | \ \ \ \
 \\/  ___)| |_)| | | | | || (_| |  ) ) ) )
  '  |____| .__|_| |_|_| |_\__, | / / / /
 =========|_|==============|___/=/_/_/_/

 :: Spring Boot ::                (v3.4.4)

2025-05-18T20:07:25.644+05:30  INFO 25464 --- [           main] c.f.f.FarmermanagementApplicationTests   : Starting FarmermanagementApplicationTests using Java 17.0.14 with PID 25464 (started by us in C:\Karthik new workspace\farmer-module-S\Farmer-module\backend\farmer\farmer-module)
2025-05-18T20:07:25.647+05:30  INFO 25464 --- [           main] c.f.f.FarmermanagementApplicationTests   : No active profile set, falling back to 1 default profile: "default"
2025-05-18T20:07:26.673+05:30  INFO 25464 --- [           main] .s.d.r.c.RepositoryConfigurationDelegate : Bootstrapping Spring Data JPA repositories in DEFAULT mode.
2025-05-18T20:07:26.779+05:30  INFO 25464 --- [           main] .s.d.r.c.RepositoryConfigurationDelegate : Finished Spring Data repository scanning in 92 ms. Found 6 JPA repository interfaces.
2025-05-18T20:07:27.503+05:30  INFO 25464 --- [           main] o.hibernate.jpa.internal.util.LogHelper  : HHH000204: Processing PersistenceUnitInfo [name: default]
2025-05-18T20:07:27.598+05:30  INFO 25464 --- [           main] org.hibernate.Version                    : HHH000412: Hibernate ORM core version 6.6.11.Final
2025-05-18T20:07:27.649+05:30  INFO 25464 --- [           main] o.h.c.internal.RegionFactoryInitiator    : HHH000026: Second-level cache disabled
2025-05-18T20:07:27.826+05:30  INFO 25464 --- [           main] o.s.o.j.p.SpringPersistenceUnitInfo      : No LoadTimeWeaver setup: ignoring JPA class transformer
2025-05-18T20:07:27.861+05:30  INFO 25464 --- [           main] com.zaxxer.hikari.HikariDataSource       : HikariPool-1 - Starting...
2025-05-18T20:07:28.172+05:30  INFO 25464 --- [           main] com.zaxxer.hikari.pool.HikariPool        : HikariPool-1 - Added connection org.postgresql.jdbc.PgConnection@2d093067
2025-05-18T20:07:28.176+05:30  INFO 25464 --- [           main] com.zaxxer.hikari.HikariDataSource       : HikariPool-1 - Start completed.
2025-05-18T20:07:28.234+05:30  WARN 25464 --- [           main] org.hibernate.orm.deprecation            : HHH90000025: PostgreSQLDialect does not need to be specified explicitly using 'hibernate.dialect' (remove the property setting and it will be selected by default)
2025-05-18T20:07:28.265+05:30  INFO 25464 --- [           main] org.hibernate.orm.connections.pooling    : HHH10001005: Database info:
	Database JDBC URL [Connecting through datasource 'HikariDataSource (HikariPool-1)']
	Database driver: undefined/unknown
	Database version: 17.4
	Autocommit mode: undefined/unknown
	Isolation level: undefined/unknown
	Minimum pool size: undefined/unknown
	Maximum pool size: undefined/unknown
2025-05-18T20:07:29.660+05:30  INFO 25464 --- [           main] o.h.e.t.j.p.i.JtaPlatformInitiator       : HHH000489: No JTA platform available (set 'hibernate.transaction.jta.platform' to enable JTA platform integration)
2025-05-18T20:07:30.067+05:30  INFO 25464 --- [           main] j.LocalContainerEntityManagerFactoryBean : Initialized JPA EntityManagerFactory for persistence unit 'default'
2025-05-18T20:07:31.163+05:30  INFO 25464 --- [           main] eAuthenticationProviderManagerConfigurer : Global AuthenticationManager configured with AuthenticationProvider bean with name authProvider
2025-05-18T20:07:31.164+05:30  WARN 25464 --- [           main] r$InitializeUserDetailsManagerConfigurer : Global AuthenticationManager configured with an AuthenticationProvider bean. UserDetailsService beans will not be used by Spring Security for automatically configuring username/password login. Consider removing the AuthenticationProvider bean. Alternatively, consider using the UserDetailsService in a manually instantiated DaoAuthenticationProvider. If the current configuration is intentional, to turn off this warning, increase the logging level of 'org.springframework.security.config.annotation.authentication.configuration.InitializeUserDetailsBeanManagerConfigurer' to ERROR
2025-05-18T20:07:31.902+05:30  INFO 25464 --- [           main] o.s.d.j.r.query.QueryEnhancerFactory     : Hibernate is in classpath; If applicable, HQL parser will be used.
2025-05-18T20:07:32.747+05:30  INFO 25464 --- [           main] c.f.f.FarmermanagementApplicationTests   : Started FarmermanagementApplicationTests in 7.506 seconds (process running for 11.923)
]]></system-out>
  </testcase>
</testsuite>